<?xml version="1.0" encoding="UTF-8"?>
<TestRun id="13f9c258-09f1-49ac-9c79-46995c6f4429" name="joepop@JOEPOP4 2014-06-29 20:36:56" runUser="REDMOND\joepop" xmlns="http://microsoft.com/schemas/VisualStudio/TeamTest/2010">
  <TestSettings name="Default Test Settings" id="3a13e0c4-6414-43a1-bd0f-df1417f7950f">
    <Execution>
      <TestTypeSpecific />
      <AgentRule name="Execution Agents">
      </AgentRule>
    </Execution>
    <Deployment runDeploymentRoot="joepop_JOEPOP4 2014-06-29 20_36_56" />
  </TestSettings>
  <Times creation="2014-06-29T20:36:56.6581649-07:00" queuing="2014-06-29T20:36:57.0042110-07:00" start="2014-06-29T20:36:57.0831878-07:00" finish="2014-06-29T20:36:57.5483189-07:00" />
  <ResultSummary outcome="Failed">
    <Counters total="2" executed="2" passed="1" error="0" failed="1" timeout="0" aborted="0" inconclusive="0" passedButRunAborted="0" notRunnable="0" notExecuted="0" disconnected="0" warning="0" completed="0" inProgress="0" pending="0" />
  </ResultSummary>
  <TestDefinitions>
    <UnitTest name="GetCustomer_ValidId" storage="auction.webapi.data.unittest.dll" id="78a6c757-dbf0-2ea0-95fd-1799fcb9e225">
      <Execution id="d2536449-fc4b-4f1c-b3e3-ba1fe6064b5a" />
      <TestMethod codeBase="C:/Temp/AuctionPrototype/Auction.Webapi.Data.UnitTest/bin/Debug/Auction.Webapi.Data.UnitTest.dll" adapterTypeName="Microsoft.VisualStudio.TestTools.TestTypes.Unit.UnitTestAdapter, Microsoft.VisualStudio.QualityTools.Tips.UnitTest.Adapter, Version=11.0.0.0, Culture=neutral, PublicKeyToken=b03f5f7f11d50a3a" className="Auction.Webapi.Data.UnitTest.CustomerTest, Auction.Webapi.Data.UnitTest, Version=1.0.0.0, Culture=neutral, PublicKeyToken=null" name="GetCustomer_ValidId" />
    </UnitTest>
    <UnitTest name="GetCustomerOrderTest" storage="auction.webapi.data.unittest.dll" id="de1f5de6-7705-510a-3d6f-6538446b0209">
      <TestCategory>
        <TestCategoryItem TestCategory="Manual" />
      </TestCategory>
      <Execution id="ddb042ca-1910-491b-84cf-b2d0aae92b8c" />
      <TestMethod codeBase="C:/Temp/AuctionPrototype/Auction.Webapi.Data.UnitTest/bin/Debug/Auction.Webapi.Data.UnitTest.dll" adapterTypeName="Microsoft.VisualStudio.TestTools.TestTypes.Unit.UnitTestAdapter, Microsoft.VisualStudio.QualityTools.Tips.UnitTest.Adapter, Version=11.0.0.0, Culture=neutral, PublicKeyToken=b03f5f7f11d50a3a" className="Auction.Webapi.Data.UnitTest.CustomerTest, Auction.Webapi.Data.UnitTest, Version=1.0.0.0, Culture=neutral, PublicKeyToken=null" name="GetCustomerOrderTest" />
    </UnitTest>
  </TestDefinitions>
  <TestLists>
    <TestList name="Results Not in a List" id="8c84fa94-04c1-424b-9868-57a2d4851a1d" />
    <TestList name="All Loaded Results" id="19431567-8539-422a-85d7-44ee4e166bda" />
  </TestLists>
  <TestEntries>
    <TestEntry testId="78a6c757-dbf0-2ea0-95fd-1799fcb9e225" executionId="d2536449-fc4b-4f1c-b3e3-ba1fe6064b5a" testListId="8c84fa94-04c1-424b-9868-57a2d4851a1d" />
    <TestEntry testId="de1f5de6-7705-510a-3d6f-6538446b0209" executionId="ddb042ca-1910-491b-84cf-b2d0aae92b8c" testListId="8c84fa94-04c1-424b-9868-57a2d4851a1d" />
  </TestEntries>
  <Results>
    <UnitTestResult executionId="d2536449-fc4b-4f1c-b3e3-ba1fe6064b5a" testId="78a6c757-dbf0-2ea0-95fd-1799fcb9e225" testName="GetCustomer_ValidId" computerName="JOEPOP4" duration="00:00:00.1355523" startTime="2014-06-29T20:36:57.1281934-07:00" endTime="2014-06-29T20:36:57.4822116-07:00" testType="13cdc9d9-ddb5-4fa4-a97d-d965ccfc6d4b" outcome="Passed" testListId="8c84fa94-04c1-424b-9868-57a2d4851a1d" relativeResultsDirectory="d2536449-fc4b-4f1c-b3e3-ba1fe6064b5a">
    </UnitTestResult>
    <UnitTestResult executionId="ddb042ca-1910-491b-84cf-b2d0aae92b8c" testId="de1f5de6-7705-510a-3d6f-6538446b0209" testName="GetCustomerOrderTest" computerName="JOEPOP4" duration="00:00:00.0214658" startTime="2014-06-29T20:36:57.4862126-07:00" endTime="2014-06-29T20:36:57.5112139-07:00" testType="13cdc9d9-ddb5-4fa4-a97d-d965ccfc6d4b" outcome="Failed" testListId="8c84fa94-04c1-424b-9868-57a2d4851a1d" relativeResultsDirectory="ddb042ca-1910-491b-84cf-b2d0aae92b8c">
      <Output>
        <ErrorInfo>
          <Message>Assert.Fail failed. Test not implemented</Message>
          <StackTrace>   at Auction.Webapi.Data.UnitTest.CustomerTest.GetCustomerOrderTest() in c:\Temp\AuctionPrototype\Auction.Webapi.Data.UnitTest\CustomerTest.cs:line 42
</StackTrace>
        </ErrorInfo>
      </Output>
    </UnitTestResult>
  </Results>
</TestRun>