<?xml version="1.0" encoding="UTF-8"?>
<TestRun id="2ab76213-33f5-4f5a-802f-0b3cec7b7eda" name="joepop@JOEPOP4 2014-07-03 00:44:34" runUser="REDMOND\joepop" xmlns="http://microsoft.com/schemas/VisualStudio/TeamTest/2010">
  <TestSettings name="Default Test Settings" id="ab839662-48c9-4e43-b8e7-7a8743666eef">
    <Execution>
      <TestTypeSpecific />
      <AgentRule name="Execution Agents">
      </AgentRule>
    </Execution>
    <Deployment runDeploymentRoot="joepop_JOEPOP4 2014-07-03 00_44_34" />
  </TestSettings>
  <Times creation="2014-07-03T00:44:34.1342203-07:00" queuing="2014-07-03T00:44:34.5642503-07:00" start="2014-07-03T00:44:34.6582564-07:00" finish="2014-07-03T00:44:35.2332943-07:00" />
  <ResultSummary outcome="Failed">
    <Counters total="2" executed="2" passed="1" error="0" failed="1" timeout="0" aborted="0" inconclusive="0" passedButRunAborted="0" notRunnable="0" notExecuted="0" disconnected="0" warning="0" completed="0" inProgress="0" pending="0" />
  </ResultSummary>
  <TestDefinitions>
    <UnitTest name="GetCustomer_ValidId" storage="auction.webapi.data.unittest.dll" id="78a6c757-dbf0-2ea0-95fd-1799fcb9e225">
      <Execution id="06d9b8c5-9e4e-4924-a75c-d8bdc32a7370" />
      <TestMethod codeBase="C:/Temp/AuctionPrototype/Auction.Webapi.Data.UnitTest/bin/Debug/Auction.Webapi.Data.UnitTest.dll" adapterTypeName="Microsoft.VisualStudio.TestTools.TestTypes.Unit.UnitTestAdapter, Microsoft.VisualStudio.QualityTools.Tips.UnitTest.Adapter, Version=11.0.0.0, Culture=neutral, PublicKeyToken=b03f5f7f11d50a3a" className="Auction.Webapi.Data.UnitTest.CustomerTest, Auction.Webapi.Data.UnitTest, Version=1.0.0.0, Culture=neutral, PublicKeyToken=null" name="GetCustomer_ValidId" />
    </UnitTest>
    <UnitTest name="GetCustomerOrderTest" storage="auction.webapi.data.unittest.dll" id="de1f5de6-7705-510a-3d6f-6538446b0209">
      <TestCategory>
        <TestCategoryItem TestCategory="Manual" />
      </TestCategory>
      <Execution id="c6b5a011-dc22-42fd-87f2-285177220ce3" />
      <TestMethod codeBase="C:/Temp/AuctionPrototype/Auction.Webapi.Data.UnitTest/bin/Debug/Auction.Webapi.Data.UnitTest.dll" adapterTypeName="Microsoft.VisualStudio.TestTools.TestTypes.Unit.UnitTestAdapter, Microsoft.VisualStudio.QualityTools.Tips.UnitTest.Adapter, Version=11.0.0.0, Culture=neutral, PublicKeyToken=b03f5f7f11d50a3a" className="Auction.Webapi.Data.UnitTest.CustomerTest, Auction.Webapi.Data.UnitTest, Version=1.0.0.0, Culture=neutral, PublicKeyToken=null" name="GetCustomerOrderTest" />
    </UnitTest>
  </TestDefinitions>
  <TestLists>
    <TestList name="Results Not in a List" id="8c84fa94-04c1-424b-9868-57a2d4851a1d" />
    <TestList name="All Loaded Results" id="19431567-8539-422a-85d7-44ee4e166bda" />
  </TestLists>
  <TestEntries>
    <TestEntry testId="78a6c757-dbf0-2ea0-95fd-1799fcb9e225" executionId="06d9b8c5-9e4e-4924-a75c-d8bdc32a7370" testListId="8c84fa94-04c1-424b-9868-57a2d4851a1d" />
    <TestEntry testId="de1f5de6-7705-510a-3d6f-6538446b0209" executionId="c6b5a011-dc22-42fd-87f2-285177220ce3" testListId="8c84fa94-04c1-424b-9868-57a2d4851a1d" />
  </TestEntries>
  <Results>
    <UnitTestResult executionId="06d9b8c5-9e4e-4924-a75c-d8bdc32a7370" testId="78a6c757-dbf0-2ea0-95fd-1799fcb9e225" testName="GetCustomer_ValidId" computerName="JOEPOP4" duration="00:00:00.1625868" startTime="2014-07-03T00:44:34.7242612-07:00" endTime="2014-07-03T00:44:35.1552903-07:00" testType="13cdc9d9-ddb5-4fa4-a97d-d965ccfc6d4b" outcome="Passed" testListId="8c84fa94-04c1-424b-9868-57a2d4851a1d" relativeResultsDirectory="06d9b8c5-9e4e-4924-a75c-d8bdc32a7370">
    </UnitTestResult>
    <UnitTestResult executionId="c6b5a011-dc22-42fd-87f2-285177220ce3" testId="de1f5de6-7705-510a-3d6f-6538446b0209" testName="GetCustomerOrderTest" computerName="JOEPOP4" duration="00:00:00.0276202" startTime="2014-07-03T00:44:35.1602903-07:00" endTime="2014-07-03T00:44:35.1922922-07:00" testType="13cdc9d9-ddb5-4fa4-a97d-d965ccfc6d4b" outcome="Failed" testListId="8c84fa94-04c1-424b-9868-57a2d4851a1d" relativeResultsDirectory="c6b5a011-dc22-42fd-87f2-285177220ce3">
      <Output>
        <ErrorInfo>
          <Message>Assert.Fail failed. Test not implemented</Message>
          <StackTrace>   at Auction.Webapi.Data.UnitTest.CustomerTest.GetCustomerOrderTest() in c:\Temp\AuctionPrototype\Auction.Webapi.Data.UnitTest\CustomerTest.cs:line 42
</StackTrace>
        </ErrorInfo>
      </Output>
    </UnitTestResult>
  </Results>
</TestRun>