<?xml version="1.0" encoding="UTF-8"?>
<TestRun id="ab201459-45ee-43a7-a562-8c074bbc05a4" name="joepop@JOEPOP4 2014-06-29 20:34:20" runUser="REDMOND\joepop" xmlns="http://microsoft.com/schemas/VisualStudio/TeamTest/2010">
  <TestSettings name="Default Test Settings" id="2dc3e550-c539-4f72-a5f6-6a276e358a5c">
    <Execution>
      <TestTypeSpecific />
      <AgentRule name="Execution Agents">
      </AgentRule>
    </Execution>
    <Deployment runDeploymentRoot="joepop_JOEPOP4 2014-06-29 20_34_20" />
  </TestSettings>
  <Times creation="2014-06-29T20:34:20.5706947-07:00" queuing="2014-06-29T20:34:20.9056876-07:00" start="2014-06-29T20:34:21.0076935-07:00" finish="2014-06-29T20:34:21.4474322-07:00" />
  <ResultSummary outcome="Failed">
    <Counters total="2" executed="2" passed="1" error="0" failed="1" timeout="0" aborted="0" inconclusive="0" passedButRunAborted="0" notRunnable="0" notExecuted="0" disconnected="0" warning="0" completed="0" inProgress="0" pending="0" />
  </ResultSummary>
  <TestDefinitions>
    <UnitTest name="GetCustomer_ValidId" storage="auction.webapi.data.unittest.dll" id="78a6c757-dbf0-2ea0-95fd-1799fcb9e225">
      <Execution id="8ea02ac4-da8d-41d6-a138-8fc243d3ea7e" />
      <TestMethod codeBase="C:/Temp/AuctionPrototype/Auction.Webapi.Data.UnitTest/bin/Debug/Auction.Webapi.Data.UnitTest.dll" adapterTypeName="Microsoft.VisualStudio.TestTools.TestTypes.Unit.UnitTestAdapter, Microsoft.VisualStudio.QualityTools.Tips.UnitTest.Adapter, Version=11.0.0.0, Culture=neutral, PublicKeyToken=b03f5f7f11d50a3a" className="Auction.Webapi.Data.UnitTest.CustomerTest, Auction.Webapi.Data.UnitTest, Version=1.0.0.0, Culture=neutral, PublicKeyToken=null" name="GetCustomer_ValidId" />
    </UnitTest>
    <UnitTest name="GetCustomerOrderTest" storage="auction.webapi.data.unittest.dll" id="de1f5de6-7705-510a-3d6f-6538446b0209">
      <Execution id="c031d5d6-9bc5-461f-bfa1-896674321061" />
      <TestMethod codeBase="C:/Temp/AuctionPrototype/Auction.Webapi.Data.UnitTest/bin/Debug/Auction.Webapi.Data.UnitTest.dll" adapterTypeName="Microsoft.VisualStudio.TestTools.TestTypes.Unit.UnitTestAdapter, Microsoft.VisualStudio.QualityTools.Tips.UnitTest.Adapter, Version=11.0.0.0, Culture=neutral, PublicKeyToken=b03f5f7f11d50a3a" className="Auction.Webapi.Data.UnitTest.CustomerTest, Auction.Webapi.Data.UnitTest, Version=1.0.0.0, Culture=neutral, PublicKeyToken=null" name="GetCustomerOrderTest" />
    </UnitTest>
  </TestDefinitions>
  <TestLists>
    <TestList name="Results Not in a List" id="8c84fa94-04c1-424b-9868-57a2d4851a1d" />
    <TestList name="All Loaded Results" id="19431567-8539-422a-85d7-44ee4e166bda" />
  </TestLists>
  <TestEntries>
    <TestEntry testId="78a6c757-dbf0-2ea0-95fd-1799fcb9e225" executionId="8ea02ac4-da8d-41d6-a138-8fc243d3ea7e" testListId="8c84fa94-04c1-424b-9868-57a2d4851a1d" />
    <TestEntry testId="de1f5de6-7705-510a-3d6f-6538446b0209" executionId="c031d5d6-9bc5-461f-bfa1-896674321061" testListId="8c84fa94-04c1-424b-9868-57a2d4851a1d" />
  </TestEntries>
  <Results>
    <UnitTestResult executionId="8ea02ac4-da8d-41d6-a138-8fc243d3ea7e" testId="78a6c757-dbf0-2ea0-95fd-1799fcb9e225" testName="GetCustomer_ValidId" computerName="JOEPOP4" duration="00:00:00.1334140" startTime="2014-06-29T20:34:21.0496933-07:00" endTime="2014-06-29T20:34:21.3794286-07:00" testType="13cdc9d9-ddb5-4fa4-a97d-d965ccfc6d4b" outcome="Passed" testListId="8c84fa94-04c1-424b-9868-57a2d4851a1d" relativeResultsDirectory="8ea02ac4-da8d-41d6-a138-8fc243d3ea7e">
    </UnitTestResult>
    <UnitTestResult executionId="c031d5d6-9bc5-461f-bfa1-896674321061" testId="de1f5de6-7705-510a-3d6f-6538446b0209" testName="GetCustomerOrderTest" computerName="JOEPOP4" duration="00:00:00.0240362" startTime="2014-06-29T20:34:21.3834313-07:00" endTime="2014-06-29T20:34:21.4094332-07:00" testType="13cdc9d9-ddb5-4fa4-a97d-d965ccfc6d4b" outcome="Failed" testListId="8c84fa94-04c1-424b-9868-57a2d4851a1d" relativeResultsDirectory="c031d5d6-9bc5-461f-bfa1-896674321061">
      <Output>
        <ErrorInfo>
          <Message>Assert.Fail failed. Test not implemented</Message>
          <StackTrace>   at Auction.Webapi.Data.UnitTest.CustomerTest.GetCustomerOrderTest() in c:\Temp\AuctionPrototype\Auction.Webapi.Data.UnitTest\CustomerTest.cs:line 41
</StackTrace>
        </ErrorInfo>
      </Output>
    </UnitTestResult>
  </Results>
</TestRun>