<?xml version="1.0" encoding="UTF-8"?>
<TestRun id="45106b1f-728f-451c-a5c8-ebc8f764b6e2" name="joepop@JOEPOP4 2014-06-29 20:35:52" runUser="REDMOND\joepop" xmlns="http://microsoft.com/schemas/VisualStudio/TeamTest/2010">
  <TestSettings name="Default Test Settings" id="b35ed009-ce24-4ecf-badd-648849480698">
    <Execution>
      <TestTypeSpecific />
      <AgentRule name="Execution Agents">
      </AgentRule>
    </Execution>
    <Deployment runDeploymentRoot="joepop_JOEPOP4 2014-06-29 20_35_52" />
  </TestSettings>
  <Times creation="2014-06-29T20:35:52.4397400-07:00" queuing="2014-06-29T20:35:52.7807331-07:00" start="2014-06-29T20:35:52.8577375-07:00" finish="2014-06-29T20:35:53.3037262-07:00" />
  <ResultSummary outcome="Failed">
    <Counters total="2" executed="2" passed="1" error="0" failed="1" timeout="0" aborted="0" inconclusive="0" passedButRunAborted="0" notRunnable="0" notExecuted="0" disconnected="0" warning="0" completed="0" inProgress="0" pending="0" />
  </ResultSummary>
  <TestDefinitions>
    <UnitTest name="GetCustomer_ValidId" storage="auction.webapi.data.unittest.dll" id="78a6c757-dbf0-2ea0-95fd-1799fcb9e225">
      <Execution id="988eb310-6431-4c8a-bf78-1c8be402db07" />
      <TestMethod codeBase="C:/Temp/AuctionPrototype/Auction.Webapi.Data.UnitTest/bin/Debug/Auction.Webapi.Data.UnitTest.dll" adapterTypeName="Microsoft.VisualStudio.TestTools.TestTypes.Unit.UnitTestAdapter, Microsoft.VisualStudio.QualityTools.Tips.UnitTest.Adapter, Version=11.0.0.0, Culture=neutral, PublicKeyToken=b03f5f7f11d50a3a" className="Auction.Webapi.Data.UnitTest.CustomerTest, Auction.Webapi.Data.UnitTest, Version=1.0.0.0, Culture=neutral, PublicKeyToken=null" name="GetCustomer_ValidId" />
    </UnitTest>
    <UnitTest name="GetCustomerOrderTest" storage="auction.webapi.data.unittest.dll" id="de1f5de6-7705-510a-3d6f-6538446b0209">
      <TestCategory>
        <TestCategoryItem TestCategory="Manual" />
      </TestCategory>
      <Execution id="6a719956-7063-4edc-bd0b-22e18b8da9f3" />
      <TestMethod codeBase="C:/Temp/AuctionPrototype/Auction.Webapi.Data.UnitTest/bin/Debug/Auction.Webapi.Data.UnitTest.dll" adapterTypeName="Microsoft.VisualStudio.TestTools.TestTypes.Unit.UnitTestAdapter, Microsoft.VisualStudio.QualityTools.Tips.UnitTest.Adapter, Version=11.0.0.0, Culture=neutral, PublicKeyToken=b03f5f7f11d50a3a" className="Auction.Webapi.Data.UnitTest.CustomerTest, Auction.Webapi.Data.UnitTest, Version=1.0.0.0, Culture=neutral, PublicKeyToken=null" name="GetCustomerOrderTest" />
    </UnitTest>
  </TestDefinitions>
  <TestLists>
    <TestList name="Results Not in a List" id="8c84fa94-04c1-424b-9868-57a2d4851a1d" />
    <TestList name="All Loaded Results" id="19431567-8539-422a-85d7-44ee4e166bda" />
  </TestLists>
  <TestEntries>
    <TestEntry testId="78a6c757-dbf0-2ea0-95fd-1799fcb9e225" executionId="988eb310-6431-4c8a-bf78-1c8be402db07" testListId="8c84fa94-04c1-424b-9868-57a2d4851a1d" />
    <TestEntry testId="de1f5de6-7705-510a-3d6f-6538446b0209" executionId="6a719956-7063-4edc-bd0b-22e18b8da9f3" testListId="8c84fa94-04c1-424b-9868-57a2d4851a1d" />
  </TestEntries>
  <Results>
    <UnitTestResult executionId="988eb310-6431-4c8a-bf78-1c8be402db07" testId="78a6c757-dbf0-2ea0-95fd-1799fcb9e225" testName="GetCustomer_ValidId" computerName="JOEPOP4" duration="00:00:00.1377645" startTime="2014-06-29T20:35:52.9007680-07:00" endTime="2014-06-29T20:35:53.2367217-07:00" testType="13cdc9d9-ddb5-4fa4-a97d-d965ccfc6d4b" outcome="Passed" testListId="8c84fa94-04c1-424b-9868-57a2d4851a1d" relativeResultsDirectory="988eb310-6431-4c8a-bf78-1c8be402db07">
    </UnitTestResult>
    <UnitTestResult executionId="6a719956-7063-4edc-bd0b-22e18b8da9f3" testId="de1f5de6-7705-510a-3d6f-6538446b0209" testName="GetCustomerOrderTest" computerName="JOEPOP4" duration="00:00:00.0243919" startTime="2014-06-29T20:35:53.2397197-07:00" endTime="2014-06-29T20:35:53.2677463-07:00" testType="13cdc9d9-ddb5-4fa4-a97d-d965ccfc6d4b" outcome="Failed" testListId="8c84fa94-04c1-424b-9868-57a2d4851a1d" relativeResultsDirectory="6a719956-7063-4edc-bd0b-22e18b8da9f3">
      <Output>
        <ErrorInfo>
          <Message>Assert.Fail failed. Test not implemented</Message>
          <StackTrace>   at Auction.Webapi.Data.UnitTest.CustomerTest.GetCustomerOrderTest() in c:\Temp\AuctionPrototype\Auction.Webapi.Data.UnitTest\CustomerTest.cs:line 42
</StackTrace>
        </ErrorInfo>
      </Output>
    </UnitTestResult>
  </Results>
</TestRun>